Arguments: 
  /data/data/com.termux/files/usr/bin/node /data/data/com.termux/files/usr/share/yarn/bin/yarn.js add util path glob

PATH: 
  /data/data/com.termux/files/usr/bin:/data/data/com.termux/files/usr/bin/applets

Yarn version: 
  1.22.4

Node version: 
  14.4.0

Platform: 
  android arm64

Trace: 
  Error: EPERM: operation not permitted, symlink '../../../color-difference/bin/color-difference' -> '/storage/emulated/0/Plugins/obamabeta-master/node_modules/ascii-art-ansi/node_modules/.bin/color-difference'

npm manifest: 
  {
    "name": "obama",
    "version": "0.2.4",
    "description": "Skill Bot",
    "main": "obama.js",
    "dependencies": {
      "anime-scraper": "^3.1.1",
      "apiai": "^4.0.3",
      "ascii-art": "^2.5.0",
      "axios": "^0.19.2",
      "canvas": "^2.6.0",
      "canvas-constructor": "^3.1.0",
      "chalk": "^4.0.0",
      "cuteapi": "0.0.3",
      "discord.js": "^12.2.0",
      "fs": "0.0.1-security",
      "fs-nextra": "^0.3.8",
      "klasa": "^0.5.0",
      "moment": "^2.26.0",
      "moment-duration-format": "^2.3.2",
      "ms": "^2.1.2",
      "node-fetch": "^2.6.0",
      "node-superfetch": "^0.1.10",
      "quick.hook": "^1.5.1",
      "random-puppy": "^1.1.0",
      "remove-markdown": "^0.3.0",
      "request": "^2.88.0",
      "request-promise-native": "^1.0.8",
      "snekfetch": "^4.0.4",
      "string": "^3.3.3",
      "string-hash": "^1.1.3",
      "superagent": "^4.1.0",
      "unirest": "^0.6.0",
      "uws": "^100.0.1",
      "xml2js": "^0.4.23",
      "ytdl-core": "^2.1.4"
    },
    "devDependencies": {},
    "scripts": {
      "test": "f;"
    },
    "author": "Wolfkid",
    "license": "MIT"
  }

yarn manifest: 
  No manifest

Lockfile: 
  No lockfile
